\BOOKMARK [0][]{dummy.1}{Agradecimientos}{}% 1
\BOOKMARK [0][]{dummy.2}{Resumen}{}% 2
\BOOKMARK [0][]{dummy.3}{\315ndice de Figuras}{}% 3
\BOOKMARK [0][]{dummy.4}{\315ndice de Tablas}{}% 4
\BOOKMARK [0][]{chapter.1}{1 Introducci\363n}{}% 5
\BOOKMARK [1][]{section.1.1}{1.1 Antecedentes y motivaci\363n}{chapter.1}% 6
\BOOKMARK [1][]{section.1.2}{1.2 Descripci\363n del problema}{chapter.1}% 7
\BOOKMARK [1][]{section.1.3}{1.3 Soluci\363n propuesta}{chapter.1}% 8
\BOOKMARK [1][]{section.1.4}{1.4 Objetivos y alcances del proyecto}{chapter.1}% 9
\BOOKMARK [2][]{subsection.1.4.1}{1.4.1 Objetivo general}{section.1.4}% 10
\BOOKMARK [2][]{subsection.1.4.2}{1.4.2 Objetivos espec\355ficos}{section.1.4}% 11
\BOOKMARK [2][]{subsection.1.4.3}{1.4.3 Alcances}{section.1.4}% 12
\BOOKMARK [1][]{section.1.5}{1.5 Metodolog\355as y herramientas utilizadas}{chapter.1}% 13
\BOOKMARK [1][]{section.1.6}{1.6 Resultados obtenidos}{chapter.1}% 14
\BOOKMARK [1][]{section.1.7}{1.7 Organizaci\363n del documento}{chapter.1}% 15
\BOOKMARK [0][]{chapter.2}{2 Estado del Arte}{}% 16
\BOOKMARK [1][]{section.2.1}{2.1 Modelo de Mixtura de Gaussianas}{chapter.2}% 17
\BOOKMARK [1][]{section.2.2}{2.2 Evaluaci\363n de rendimiento}{chapter.2}% 18
\BOOKMARK [1][]{section.2.3}{2.3 Conjunto de datos}{chapter.2}% 19
\BOOKMARK [0][]{chapter.3}{3 Algoritmos sustracci\363n del fondo}{}% 20
\BOOKMARK [1][]{section.3.1}{3.1 Introducci\363n}{chapter.3}% 21
\BOOKMARK [1][]{section.3.2}{3.2 Modelo General}{chapter.3}% 22
\BOOKMARK [1][]{section.3.3}{3.3 Mixtura de distribuciones Gaussianas - GMM}{chapter.3}% 23
\BOOKMARK [2][]{subsection.3.3.1}{3.3.1 Actualizaci\363n par\341metros del Algoritmo}{section.3.3}% 24
\BOOKMARK [1][]{section.3.4}{3.4 Modelo Mixtura de Gaussianas auto-adaptativo}{chapter.3}% 25
\BOOKMARK [2][]{subsection.3.4.1}{3.4.1 Factor de iluminaci\363n global}{section.3.4}% 26
\BOOKMARK [2][]{subsection.3.4.2}{3.4.2 Filtro espacial y temporal}{section.3.4}% 27
\BOOKMARK [1][]{section.3.5}{3.5 Modelo GMM incluido en Micro-Controladores}{chapter.3}% 28
\BOOKMARK [1][]{section.3.6}{3.6 Modelo No-Param\351trico de fondo de imagen}{chapter.3}% 29
\BOOKMARK [1][]{section.3.7}{3.7 Resumen}{chapter.3}% 30
\BOOKMARK [0][]{chapter.4}{4 M\351tricas de evaluaci\363n de rendimiento}{}% 31
\BOOKMARK [1][]{section.4.1}{4.1 Introducci\363n}{chapter.4}% 32
\BOOKMARK [1][]{section.4.2}{4.2 Enfoques de evaluaci\363n}{chapter.4}% 33
\BOOKMARK [1][]{section.4.3}{4.3 M\351todos de evaluaci\363n de calidad}{chapter.4}% 34
\BOOKMARK [2][]{subsection.4.3.1}{4.3.1 Error Cuadr\341tico Medio y Relaci\363n a Se\361al Ruido}{section.4.3}% 35
\BOOKMARK [2][]{subsection.4.3.2}{4.3.2 M\351tricas de Calidad Est\341tica}{section.4.3}% 36
\BOOKMARK [2][]{subsection.4.3.3}{4.3.3 Curva de operaciones caracter\355stica}{section.4.3}% 37
\BOOKMARK [2][]{subsection.4.3.4}{4.3.4 M\351tricas de Percepci\363n}{section.4.3}% 38
\BOOKMARK [2][]{subsection.4.3.5}{4.3.5 Similaridad Estructural}{section.4.3}% 39
\BOOKMARK [2][]{subsection.4.3.6}{4.3.6 D-Score}{section.4.3}% 40
\BOOKMARK [1][]{section.4.4}{4.4 Resumen de m\351todos de evaluaci\363n}{chapter.4}% 41
\BOOKMARK [0][]{chapter.5}{5 Descripci\363n del sistema de software}{}% 42
\BOOKMARK [1][]{section.5.1}{5.1 Introducci\363n}{chapter.5}% 43
\BOOKMARK [1][]{section.5.2}{5.2 Captura de requerimientos}{chapter.5}% 44
\BOOKMARK [1][]{section.5.3}{5.3 Arquitectura de sistema de software}{chapter.5}% 45
\BOOKMARK [1][]{section.5.4}{5.4 Herramientas de Soporte Base}{chapter.5}% 46
\BOOKMARK [2][]{subsection.5.4.1}{5.4.1 Herramientas de desarrollo}{section.5.4}% 47
\BOOKMARK [2][]{subsection.5.4.2}{5.4.2 Biblioteca OpenCV de Visi\363n por Computador}{section.5.4}% 48
\BOOKMARK [2][]{subsection.5.4.3}{5.4.3 Biblioteca Boost}{section.5.4}% 49
\BOOKMARK [1][]{section.5.5}{5.5 Descripci\363n de Implementaci\363n}{chapter.5}% 50
\BOOKMARK [2][]{subsection.5.5.1}{5.5.1 Sistema Base Integraci\363n Algoritmos de Visi\363n por Computador}{section.5.5}% 51
\BOOKMARK [2][]{subsection.5.5.2}{5.5.2 Diagrama de clases de implementaci\363n}{section.5.5}% 52
\BOOKMARK [2][]{subsection.5.5.3}{5.5.3 Herramienta de evaluaci\363n de desempe\361o}{section.5.5}% 53
\BOOKMARK [2][]{subsection.5.5.4}{5.5.4 Operaci\363n de la implementaci\363n}{section.5.5}% 54
\BOOKMARK [1][]{section.5.6}{5.6 Resumen}{chapter.5}% 55
\BOOKMARK [0][]{chapter.6}{6 Experimentaci\363n}{}% 56
\BOOKMARK [1][]{section.6.1}{6.1 Introducci\363n}{chapter.6}% 57
\BOOKMARK [1][]{section.6.2}{6.2 Conjunto de datos de acciones humanas - MuHAVI}{chapter.6}% 58
\BOOKMARK [1][]{section.6.3}{6.3 Procedimiento de Evaluaci\363n}{chapter.6}% 59
\BOOKMARK [1][]{section.6.4}{6.4 Evaluaci\363n de Rendimiento}{chapter.6}% 60
\BOOKMARK [2][]{subsection.6.4.1}{6.4.1 Comparaci\363n puntos de operaci\363n}{section.6.4}% 61
\BOOKMARK [2][]{subsection.6.4.2}{6.4.2 Intervalo de confianza curva operaciones caracter\355sticas}{section.6.4}% 62
\BOOKMARK [1][]{section.6.5}{6.5 Resumen}{chapter.6}% 63
\BOOKMARK [0][]{chapter.7}{7 Conclusiones}{}% 64
\BOOKMARK [0][]{appendix.Alph1}{A Procesamiento de una secuencia}{}% 65
\BOOKMARK [0][]{appendix.Alph2}{B Curvas de operaciones desagregadas por secuencia}{}% 66
